\BOOKMARK [0][-]{chapter*.1}{\376\377\000D\000e\000c\000l\000a\000r\000a\000t\000i\000o\000n}{}% 1
\BOOKMARK [0][-]{chapter.1}{\376\377\000I\000N\000T\000R\000O\000D\000U\000C\000T\000I\000O\000N}{}% 2
\BOOKMARK [1][-]{section.1.1}{\376\377\000B\000a\000c\000k\000g\000r\000o\000u\000n\000d\000\040\000t\000o\000\040\000t\000h\000e\000\040\000S\000t\000u\000d\000y}{chapter.1}% 3
\BOOKMARK [1][-]{section.1.2}{\376\377\000S\000t\000a\000t\000e\000m\000e\000n\000t\000\040\000o\000f\000\040\000t\000h\000e\000\040\000P\000r\000o\000b\000l\000e\000m}{chapter.1}% 4
\BOOKMARK [1][-]{section.1.3}{\376\377\000J\000u\000s\000t\000i\000f\000i\000c\000a\000t\000i\000o\000n}{chapter.1}% 5
\BOOKMARK [2][-]{subsection.1.3.1}{\376\377\000O\000p\000e\000r\000a\000t\000i\000o\000n\000a\000l\000\040\000N\000e\000c\000e\000s\000s\000i\000t\000y}{section.1.3}% 6
\BOOKMARK [2][-]{subsection.1.3.2}{\376\377\000A\000d\000d\000r\000e\000s\000s\000i\000n\000g\000\040\000t\000h\000e\000\040\000"\000B\000l\000a\000c\000k\000\040\000B\000o\000x\000"\000\040\000P\000r\000o\000b\000l\000e\000m}{section.1.3}% 7
\BOOKMARK [2][-]{subsection.1.3.3}{\376\377\000P\000o\000l\000i\000c\000y\000\040\000a\000n\000d\000\040\000E\000c\000o\000n\000o\000m\000i\000c\000\040\000P\000r\000e\000s\000s\000u\000r\000e\000s}{section.1.3}% 8
\BOOKMARK [1][-]{section.1.4}{\376\377\000R\000e\000s\000e\000a\000r\000c\000h\000\040\000O\000b\000j\000e\000c\000t\000i\000v\000e\000s}{chapter.1}% 9
\BOOKMARK [2][-]{subsection.1.4.1}{\376\377\000M\000a\000i\000n\000\040\000O\000b\000j\000e\000c\000t\000i\000v\000e}{section.1.4}% 10
\BOOKMARK [2][-]{subsection.1.4.2}{\376\377\000S\000p\000e\000c\000i\000f\000i\000c\000\040\000O\000b\000j\000e\000c\000t\000i\000v\000e\000s}{section.1.4}% 11
\BOOKMARK [1][-]{section.1.5}{\376\377\000R\000e\000s\000e\000a\000r\000c\000h\000\040\000Q\000u\000e\000s\000t\000i\000o\000n\000s}{chapter.1}% 12
\BOOKMARK [1][-]{section.1.6}{\376\377\000S\000c\000o\000p\000e\000\040\000a\000n\000d\000\040\000D\000e\000l\000i\000m\000i\000t\000a\000t\000i\000o\000n\000s\000\040\000o\000f\000\040\000t\000h\000e\000\040\000S\000t\000u\000d\000y}{chapter.1}% 13
\BOOKMARK [2][-]{subsection.1.6.1}{\376\377\000S\000c\000o\000p\000e}{section.1.6}% 14
\BOOKMARK [2][-]{subsection.1.6.2}{\376\377\000D\000e\000l\000i\000m\000i\000t\000a\000t\000i\000o\000n\000s}{section.1.6}% 15
\BOOKMARK [1][-]{section.1.7}{\376\377\000D\000e\000f\000i\000n\000i\000t\000i\000o\000n\000\040\000o\000f\000\040\000T\000e\000r\000m\000s}{chapter.1}% 16
\BOOKMARK [1][-]{section.1.8}{\376\377\000S\000i\000g\000n\000i\000f\000i\000c\000a\000n\000c\000e}{chapter.1}% 17
\BOOKMARK [2][-]{subsection.1.8.1}{\376\377\000T\000h\000e\000o\000r\000e\000t\000i\000c\000a\000l\000\040\000a\000n\000d\000\040\000M\000e\000t\000h\000o\000d\000o\000l\000o\000g\000i\000c\000a\000l\000\040\000S\000i\000g\000n\000i\000f\000i\000c\000a\000n\000c\000e}{section.1.8}% 18
\BOOKMARK [2][-]{subsection.1.8.2}{\376\377\000P\000r\000a\000c\000t\000i\000c\000a\000l\000\040\000S\000i\000g\000n\000i\000f\000i\000c\000a\000n\000c\000e}{section.1.8}% 19
\BOOKMARK [2][-]{subsection.1.8.3}{\376\377\000N\000a\000t\000i\000o\000n\000a\000l\000\040\000a\000n\000d\000\040\000P\000o\000l\000i\000c\000y\000\040\000S\000i\000g\000n\000i\000f\000i\000c\000a\000n\000c\000e}{section.1.8}% 20
\BOOKMARK [1][-]{section.1.9}{\376\377\000S\000u\000m\000m\000a\000r\000y}{chapter.1}% 21
\BOOKMARK [0][-]{chapter.2}{\376\377\000L\000I\000T\000E\000R\000A\000T\000U\000R\000E\000\040\000R\000E\000V\000I\000E\000W}{}% 22
\BOOKMARK [1][-]{section.2.1}{\376\377\000I\000n\000t\000r\000o\000d\000u\000c\000t\000i\000o\000n}{chapter.2}% 23
\BOOKMARK [1][-]{section.2.2}{\376\377\000T\000h\000e\000o\000r\000e\000t\000i\000c\000a\000l\000\040\000F\000o\000u\000n\000d\000a\000t\000i\000o\000n\000s\000\040\000o\000f\000\040\000S\000t\000u\000d\000e\000n\000t\000\040\000R\000e\000t\000e\000n\000t\000i\000o\000n}{chapter.2}% 24
\BOOKMARK [2][-]{subsection.2.2.1}{\376\377\000T\000i\000n\000t\000o\000'\000s\000\040\000S\000t\000u\000d\000e\000n\000t\000\040\000I\000n\000t\000e\000g\000r\000a\000t\000i\000o\000n\000\040\000M\000o\000d\000e\000l}{section.2.2}% 25
\BOOKMARK [2][-]{subsection.2.2.2}{\376\377\000E\000d\000u\000c\000a\000t\000i\000o\000n\000a\000l\000\040\000D\000a\000t\000a\000\040\000M\000i\000n\000i\000n\000g\000\040\000a\000s\000\040\000M\000e\000t\000h\000o\000d\000o\000l\000o\000g\000i\000c\000a\000l\000\040\000F\000r\000a\000m\000e\000w\000o\000r\000k}{section.2.2}% 26
\BOOKMARK [2][-]{subsection.2.2.3}{\376\377\000S\000y\000n\000t\000h\000e\000s\000i\000s\000:\000\040\000T\000h\000e\000o\000r\000y\000\040\000G\000u\000i\000d\000i\000n\000g\000\040\000T\000h\000i\000s\000\040\000S\000t\000u\000d\000y}{section.2.2}% 27
\BOOKMARK [1][-]{section.2.3}{\376\377\000D\000o\000c\000u\000m\000e\000n\000t\000e\000d\000\040\000P\000r\000e\000d\000i\000c\000t\000i\000v\000e\000\040\000A\000n\000a\000l\000y\000t\000i\000c\000s\000\040\000I\000m\000p\000l\000e\000m\000e\000n\000t\000a\000t\000i\000o\000n\000s}{chapter.2}% 28
\BOOKMARK [2][-]{subsection.2.3.1}{\376\377\000H\000i\000g\000h\000-\000R\000e\000s\000o\000u\000r\000c\000e\000\040\000W\000e\000s\000t\000e\000r\000n\000\040\000I\000m\000p\000l\000e\000m\000e\000n\000t\000a\000t\000i\000o\000n\000s}{section.2.3}% 29
\BOOKMARK [2][-]{subsection.2.3.2}{\376\377\000A\000f\000r\000i\000c\000a\000n\000\040\000I\000m\000p\000l\000e\000m\000e\000n\000t\000a\000t\000i\000o\000n\000s\000:\000\040\000T\000h\000e\000\040\000S\000u\000s\000t\000a\000i\000n\000a\000b\000i\000l\000i\000t\000y\000\040\000F\000a\000i\000l\000u\000r\000e\000\040\000P\000a\000t\000t\000e\000r\000n}{section.2.3}% 30
\BOOKMARK [2][-]{subsection.2.3.3}{\376\377\000C\000o\000m\000p\000a\000r\000a\000t\000i\000v\000e\000\040\000A\000n\000a\000l\000y\000s\000i\000s\000:\000\040\000S\000u\000c\000c\000e\000s\000s\000\040\000F\000a\000c\000t\000o\000r\000s\000\040\000V\000e\000r\000s\000u\000s\000\040\000F\000a\000i\000l\000u\000r\000e\000\040\000M\000o\000d\000e\000s}{section.2.3}% 31
\BOOKMARK [1][-]{section.2.4}{\376\377\000M\000a\000c\000h\000i\000n\000e\000\040\000L\000e\000a\000r\000n\000i\000n\000g\000\040\000f\000o\000r\000\040\000M\000u\000l\000t\000i\000-\000R\000i\000s\000k\000\040\000E\000d\000u\000c\000a\000t\000i\000o\000n\000a\000l\000\040\000P\000r\000e\000d\000i\000c\000t\000i\000o\000n}{chapter.2}% 32
\BOOKMARK [2][-]{subsection.2.4.1}{\376\377\000A\000l\000g\000o\000r\000i\000t\000h\000m\000\040\000S\000e\000l\000e\000c\000t\000i\000o\000n\000\040\000f\000o\000r\000\040\000E\000d\000u\000c\000a\000t\000i\000o\000n\000a\000l\000\040\000C\000o\000n\000t\000e\000x\000t\000s}{section.2.4}% 33
\BOOKMARK [2][-]{subsection.2.4.2}{\376\377\000T\000h\000e\000\040\000M\000u\000l\000t\000i\000-\000O\000u\000t\000c\000o\000m\000e\000\040\000P\000r\000e\000d\000i\000c\000t\000i\000o\000n\000\040\000G\000a\000p}{section.2.4}% 34
\BOOKMARK [2][-]{subsection.2.4.3}{\376\377\000E\000v\000a\000l\000u\000a\000t\000i\000o\000n\000\040\000M\000e\000t\000h\000o\000d\000o\000l\000o\000g\000y\000\040\000f\000o\000r\000\040\000I\000m\000b\000a\000l\000a\000n\000c\000e\000d\000\040\000E\000d\000u\000c\000a\000t\000i\000o\000n\000a\000l\000\040\000D\000a\000t\000a}{section.2.4}% 35
\BOOKMARK [2][-]{subsection.2.4.4}{\376\377\000H\000i\000s\000t\000o\000r\000i\000c\000a\000l\000\040\000C\000o\000h\000o\000r\000t\000\040\000V\000a\000l\000i\000d\000a\000t\000i\000o\000n}{section.2.4}% 36
\BOOKMARK [1][-]{section.2.5}{\376\377\000C\000o\000n\000c\000e\000p\000t\000u\000a\000l\000\040\000F\000r\000a\000m\000e\000w\000o\000r\000k}{chapter.2}% 37
\BOOKMARK [2][-]{subsection.2.5.1}{\376\377\000F\000r\000a\000m\000e\000w\000o\000r\000k\000\040\000O\000v\000e\000r\000v\000i\000e\000w}{section.2.5}% 38
\BOOKMARK [2][-]{subsection.2.5.2}{\376\377\000H\000o\000w\000\040\000F\000r\000a\000m\000e\000w\000o\000r\000k\000\040\000C\000o\000m\000p\000o\000n\000e\000n\000t\000s\000\040\000A\000d\000d\000r\000e\000s\000s\000\040\000C\000h\000a\000p\000t\000e\000r\000\040\000O\000n\000e\000\040\000P\000r\000o\000b\000l\000e\000m\000s}{section.2.5}% 39
\BOOKMARK [2][-]{subsection.2.5.3}{\376\377\000H\000o\000w\000\040\000F\000r\000a\000m\000e\000w\000o\000r\000k\000\040\000O\000p\000e\000r\000a\000t\000i\000o\000n\000a\000l\000i\000z\000e\000s\000\040\000T\000h\000e\000o\000r\000y}{section.2.5}% 40
\BOOKMARK [2][-]{subsection.2.5.4}{\376\377\000H\000o\000w\000\040\000F\000r\000a\000m\000e\000w\000o\000r\000k\000\040\000A\000d\000d\000r\000e\000s\000s\000e\000s\000\040\000A\000f\000r\000i\000c\000a\000n\000\040\000S\000u\000s\000t\000a\000i\000n\000a\000b\000i\000l\000i\000t\000y\000\040\000F\000a\000i\000l\000u\000r\000e\000s}{section.2.5}% 41
\BOOKMARK [2][-]{subsection.2.5.5}{\376\377\000M\000o\000d\000e\000r\000a\000t\000i\000n\000g\000\040\000F\000a\000c\000t\000o\000r\000s}{section.2.5}% 42
\BOOKMARK [1][-]{section.2.6}{\376\377\000R\000e\000s\000e\000a\000r\000c\000h\000\040\000G\000a\000p\000s\000\040\000T\000h\000i\000s\000\040\000S\000t\000u\000d\000y\000\040\000A\000d\000d\000r\000e\000s\000s\000e\000s}{chapter.2}% 43
\BOOKMARK [2][-]{subsection.2.6.1}{\376\377\000G\000a\000p\000\040\0001\000:\000\040\000S\000u\000s\000t\000a\000i\000n\000a\000b\000l\000e\000\040\000I\000m\000p\000l\000e\000m\000e\000n\000t\000a\000t\000i\000o\000n\000\040\000i\000n\000\040\000E\000a\000s\000t\000\040\000A\000f\000r\000i\000c\000a\000n\000\040\000P\000r\000i\000v\000a\000t\000e\000\040\000U\000n\000i\000v\000e\000r\000s\000i\000t\000i\000e\000s}{section.2.6}% 44
\BOOKMARK [2][-]{subsection.2.6.2}{\376\377\000G\000a\000p\000\040\0002\000:\000\040\000U\000n\000i\000f\000i\000e\000d\000\040\000M\000u\000l\000t\000i\000-\000O\000u\000t\000c\000o\000m\000e\000\040\000R\000i\000s\000k\000\040\000P\000r\000e\000d\000i\000c\000t\000i\000o\000n}{section.2.6}% 45
\BOOKMARK [2][-]{subsection.2.6.3}{\376\377\000G\000a\000p\000\040\0003\000:\000\040\000E\000x\000p\000l\000a\000i\000n\000a\000b\000i\000l\000i\000t\000y\000\040\000E\000m\000b\000e\000d\000d\000e\000d\000\040\000O\000p\000e\000r\000a\000t\000i\000o\000n\000a\000l\000l\000y}{section.2.6}% 46
\BOOKMARK [2][-]{subsection.2.6.4}{\376\377\000G\000a\000p\000\040\0004\000:\000\040\000H\000i\000s\000t\000o\000r\000i\000c\000a\000l\000\040\000C\000o\000h\000o\000r\000t\000\040\000V\000a\000l\000i\000d\000a\000t\000i\000o\000n\000\040\000i\000n\000\040\000A\000f\000r\000i\000c\000a\000n\000\040\000C\000o\000n\000t\000e\000x\000t\000s}{section.2.6}% 47
\BOOKMARK [2][-]{subsection.2.6.5}{\376\377\000G\000a\000p\000\040\0005\000:\000\040\000D\000o\000c\000u\000m\000e\000n\000t\000e\000d\000\040\000L\000o\000w\000-\000C\000o\000s\000t\000\040\000R\000e\000p\000l\000i\000c\000a\000b\000l\000e\000\040\000I\000m\000p\000l\000e\000m\000e\000n\000t\000a\000t\000i\000o\000n}{section.2.6}% 48
\BOOKMARK [1][-]{section.2.7}{\376\377\000C\000h\000a\000p\000t\000e\000r\000\040\000S\000u\000m\000m\000a\000r\000y\000\040\000a\000n\000d\000\040\000T\000r\000a\000n\000s\000i\000t\000i\000o\000n}{chapter.2}% 49
